[2026-03-21 00:00:00] 로컬 가민 동기화 시작
/Users/sywoo/Library/Python/3.9/lib/python/site-packages/urllib3/__init__.py:35: NotOpenSSLWarning: urllib3 v2 only supports OpenSSL 1.1.1+, currently the 'ssl' module is compiled with 'LibreSSL 2.8.3'. See: https://github.com/urllib3/urllib3/issues/3020
  warnings.warn(
[2026-03-21 00:00] 가민 동기화 시작
[OK] 가민 토큰 캐시로 로그인
[OK] 활동 0건 조회 (2026-03-20 ~ 2026-03-21)
  새 활동: 0건
  건강 데이터 수집 완료
  새 활동 없음 — 조용히 종료
[main 6c0424b] garmin sync: local auto update
 Committer: SY <sywoo@SYui-MacBookAir.local>
Your name and email address were configured automatically based
on your username and hostname. Please check that they are accurate.
You can suppress this message by setting them explicitly:

    git config --global user.name "Your Name"
    git config --global user.email you@example.com

After doing this, you may fix the identity used for this commit with:

    git commit --amend --reset-author

 1 file changed, 31 insertions(+)
To https://github.com/sywoolab/sy-workspace.git
   acda0f2..6c0424b  main -> main
[2026-03-21 00:00:05] 완료 (exit=0)
[2026-03-21 08:14:14] 로컬 가민 동기화 시작
/Users/sywoo/Library/Python/3.9/lib/python/site-packages/urllib3/__init__.py:35: NotOpenSSLWarning: urllib3 v2 only supports OpenSSL 1.1.1+, currently the 'ssl' module is compiled with 'LibreSSL 2.8.3'. See: https://github.com/urllib3/urllib3/issues/3020
  warnings.warn(
[2026-03-21 08:14] 가민 동기화 시작
[OK] 가민 토큰 캐시로 로그인
[OK] 활동 0건 조회 (2026-03-20 ~ 2026-03-21)
  새 활동: 0건
  건강 데이터 수집 완료
  새 활동 없음 — 조용히 종료
[main 511d871] garmin sync: local auto update
 Committer: SY <sywoo@SYui-MacBookAir.local>
Your name and email address were configured automatically based
on your username and hostname. Please check that they are accurate.
You can suppress this message by setting them explicitly:

    git config --global user.name "Your Name"
    git config --global user.email you@example.com

After doing this, you may fix the identity used for this commit with:

    git commit --amend --reset-author

 1 file changed, 25 insertions(+), 16 deletions(-)
To https://github.com/sywoolab/sy-workspace.git
 ! [rejected]        main -> main (fetch first)
error: failed to push some refs to 'https://github.com/sywoolab/sy-workspace.git'
hint: Updates were rejected because the remote contains work that you do not
hint: have locally. This is usually caused by another repository pushing to
hint: the same ref. If you want to integrate the remote changes, use
hint: 'git pull' before pushing again.
hint: See the 'Note about fast-forwards' in 'git push --help' for details.
[WARN] git push 실패 (인터넷 없음?) — 다음 실행 시 재시도
[2026-03-21 08:14:19] 완료 (exit=0)
[2026-03-21 09:14:06] 로컬 가민 동기화 시작
/Users/sywoo/Library/Python/3.9/lib/python/site-packages/urllib3/__init__.py:35: NotOpenSSLWarning: urllib3 v2 only supports OpenSSL 1.1.1+, currently the 'ssl' module is compiled with 'LibreSSL 2.8.3'. See: https://github.com/urllib3/urllib3/issues/3020
  warnings.warn(
[2026-03-21 09:14] 가민 동기화 시작
[OK] 가민 토큰 캐시로 로그인
[OK] 활동 0건 조회 (2026-03-20 ~ 2026-03-21)
  새 활동: 0건
  건강 데이터 수집 완료
  새 활동 없음 — 조용히 종료
[2026-03-21 09:14:10] 완료 (exit=0)
[2026-03-21 10:15:46] 로컬 가민 동기화 시작
/Users/sywoo/Library/Python/3.9/lib/python/site-packages/urllib3/__init__.py:35: NotOpenSSLWarning: urllib3 v2 only supports OpenSSL 1.1.1+, currently the 'ssl' module is compiled with 'LibreSSL 2.8.3'. See: https://github.com/urllib3/urllib3/issues/3020
  warnings.warn(
[2026-03-21 10:15] 가민 동기화 시작
[OK] 가민 토큰 캐시로 로그인
[OK] 활동 0건 조회 (2026-03-20 ~ 2026-03-21)
  새 활동: 0건
  건강 데이터 수집 완료
  새 활동 없음 — 조용히 종료
[2026-03-21 10:15:50] 완료 (exit=0)
[2026-03-21 11:07:02] 로컬 가민 동기화 시작
/Users/sywoo/Library/Python/3.9/lib/python/site-packages/urllib3/__init__.py:35: NotOpenSSLWarning: urllib3 v2 only supports OpenSSL 1.1.1+, currently the 'ssl' module is compiled with 'LibreSSL 2.8.3'. See: https://github.com/urllib3/urllib3/issues/3020
  warnings.warn(
[2026-03-21 11:07] 가민 동기화 시작
[OK] 가민 토큰 캐시로 로그인
[OK] 활동 0건 조회 (2026-03-20 ~ 2026-03-21)
  새 활동: 0건
  건강 데이터 수집 완료
  새 활동 없음 — 조용히 종료
[2026-03-21 11:07:06] 완료 (exit=0)
[2026-03-21 12:07:01] 로컬 가민 동기화 시작
/Users/sywoo/Library/Python/3.9/lib/python/site-packages/urllib3/__init__.py:35: NotOpenSSLWarning: urllib3 v2 only supports OpenSSL 1.1.1+, currently the 'ssl' module is compiled with 'LibreSSL 2.8.3'. See: https://github.com/urllib3/urllib3/issues/3020
  warnings.warn(
[2026-03-21 12:07] 가민 동기화 시작
[OK] 가민 토큰 캐시로 로그인
[OK] 활동 0건 조회 (2026-03-20 ~ 2026-03-21)
  새 활동: 0건
  건강 데이터 수집 완료
  새 활동 없음 — 조용히 종료
[main 90619b0] garmin sync: local auto update
 Committer: SY <sywoo@SYui-MacBookAir.local>
Your name and email address were configured automatically based
on your username and hostname. Please check that they are accurate.
You can suppress this message by setting them explicitly:

    git config --global user.name "Your Name"
    git config --global user.email you@example.com

After doing this, you may fix the identity used for this commit with:

    git commit --amend --reset-author

 1 file changed, 7 insertions(+), 7 deletions(-)
To https://github.com/sywoolab/sy-workspace.git
 ! [rejected]        main -> main (fetch first)
error: failed to push some refs to 'https://github.com/sywoolab/sy-workspace.git'
hint: Updates were rejected because the remote contains work that you do not
hint: have locally. This is usually caused by another repository pushing to
hint: the same ref. If you want to integrate the remote changes, use
hint: 'git pull' before pushing again.
hint: See the 'Note about fast-forwards' in 'git push --help' for details.
[WARN] git push 실패 (인터넷 없음?) — 다음 실행 시 재시도
[2026-03-21 12:07:05] 완료 (exit=0)
[2026-03-21 13:02:21] 로컬 가민 동기화 시작
/Users/sywoo/Library/Python/3.9/lib/python/site-packages/urllib3/__init__.py:35: NotOpenSSLWarning: urllib3 v2 only supports OpenSSL 1.1.1+, currently the 'ssl' module is compiled with 'LibreSSL 2.8.3'. See: https://github.com/urllib3/urllib3/issues/3020
  warnings.warn(
[2026-03-21 13:02] 가민 동기화 시작
[OK] 가민 토큰 캐시로 로그인
[OK] 활동 0건 조회 (2026-03-20 ~ 2026-03-21)
  새 활동: 0건
  건강 데이터 수집 완료
  새 활동 없음 — 조용히 종료
[2026-03-21 13:02:24] 완료 (exit=0)
[2026-03-21 14:13:00] 로컬 가민 동기화 시작
/Users/sywoo/Library/Python/3.9/lib/python/site-packages/urllib3/__init__.py:35: NotOpenSSLWarning: urllib3 v2 only supports OpenSSL 1.1.1+, currently the 'ssl' module is compiled with 'LibreSSL 2.8.3'. See: https://github.com/urllib3/urllib3/issues/3020
  warnings.warn(
[2026-03-21 14:13] 가민 동기화 시작
[OK] 가민 토큰 캐시로 로그인
[OK] 활동 1건 조회 (2026-03-20 ~ 2026-03-21)
  새 활동: 1건
  건강 데이터 수집 완료
  workout_log.json 업데이트 완료
  텔레그램 전송: 성공
[main 3ead3bb] garmin sync: local auto update
 Committer: SY <sywoo@SYui-MacBookAir.local>
Your name and email address were configured automatically based
on your username and hostname. Please check that they are accurate.
You can suppress this message by setting them explicitly:

    git config --global user.name "Your Name"
    git config --global user.email you@example.com

After doing this, you may fix the identity used for this commit with:

    git commit --amend --reset-author

 2 files changed, 22 insertions(+), 2 deletions(-)
To https://github.com/sywoolab/sy-workspace.git
 ! [rejected]        main -> main (fetch first)
error: failed to push some refs to 'https://github.com/sywoolab/sy-workspace.git'
hint: Updates were rejected because the remote contains work that you do not
hint: have locally. This is usually caused by another repository pushing to
hint: the same ref. If you want to integrate the remote changes, use
hint: 'git pull' before pushing again.
hint: See the 'Note about fast-forwards' in 'git push --help' for details.
[WARN] git push 실패 (인터넷 없음?) — 다음 실행 시 재시도
[2026-03-21 14:28:10] 완료 (exit=0)
[2026-03-21 15:04:10] 로컬 가민 동기화 시작
/Users/sywoo/Library/Python/3.9/lib/python/site-packages/urllib3/__init__.py:35: NotOpenSSLWarning: urllib3 v2 only supports OpenSSL 1.1.1+, currently the 'ssl' module is compiled with 'LibreSSL 2.8.3'. See: https://github.com/urllib3/urllib3/issues/3020
  warnings.warn(
[2026-03-21 15:04] 가민 동기화 시작
[OK] 가민 토큰 캐시로 로그인
[OK] 활동 1건 조회 (2026-03-20 ~ 2026-03-21)
  새 활동: 0건
  건강 데이터 수집 완료
  새 활동 없음 — 조용히 종료
[2026-03-21 15:04:14] 완료 (exit=0)
[2026-03-21 16:01:35] 로컬 가민 동기화 시작
/Users/sywoo/Library/Python/3.9/lib/python/site-packages/urllib3/__init__.py:35: NotOpenSSLWarning: urllib3 v2 only supports OpenSSL 1.1.1+, currently the 'ssl' module is compiled with 'LibreSSL 2.8.3'. See: https://github.com/urllib3/urllib3/issues/3020
  warnings.warn(
[2026-03-21 16:01] 가민 동기화 시작
[OK] 가민 토큰 캐시로 로그인
[OK] 활동 3건 조회 (2026-03-20 ~ 2026-03-21)
  새 활동: 2건
  건강 데이터 수집 완료
  workout_log.json 업데이트 완료
  텔레그램 전송: 성공
[main 86c00a4] garmin sync: local auto update
 Committer: SY <sywoo@SYui-MacBookAir.local>
Your name and email address were configured automatically based
on your username and hostname. Please check that they are accurate.
You can suppress this message by setting them explicitly:

    git config --global user.name "Your Name"
    git config --global user.email you@example.com

After doing this, you may fix the identity used for this commit with:

    git commit --amend --reset-author

 2 files changed, 18 insertions(+), 22 deletions(-)
To https://github.com/sywoolab/sy-workspace.git
 ! [rejected]        main -> main (fetch first)
error: failed to push some refs to 'https://github.com/sywoolab/sy-workspace.git'
hint: Updates were rejected because the remote contains work that you do not
hint: have locally. This is usually caused by another repository pushing to
hint: the same ref. If you want to integrate the remote changes, use
hint: 'git pull' before pushing again.
hint: See the 'Note about fast-forwards' in 'git push --help' for details.
[WARN] git push 실패 (인터넷 없음?) — 다음 실행 시 재시도
[2026-03-21 16:01:42] 완료 (exit=0)
[2026-03-21 17:06:06] 로컬 가민 동기화 시작
/Users/sywoo/Library/Python/3.9/lib/python/site-packages/urllib3/__init__.py:35: NotOpenSSLWarning: urllib3 v2 only supports OpenSSL 1.1.1+, currently the 'ssl' module is compiled with 'LibreSSL 2.8.3'. See: https://github.com/urllib3/urllib3/issues/3020
  warnings.warn(
[2026-03-21 17:06] 가민 동기화 시작
[OK] 가민 토큰 캐시로 로그인
[OK] 활동 3건 조회 (2026-03-20 ~ 2026-03-21)
  새 활동: 2건
  건강 데이터 수집 완료
  workout_log.json 업데이트 완료
  텔레그램 전송: 성공
[main 50797af] garmin sync: local auto update
 Committer: SY <sywoo@SYui-MacBookAir.local>
Your name and email address were configured automatically based
on your username and hostname. Please check that they are accurate.
You can suppress this message by setting them explicitly:

    git config --global user.name "Your Name"
    git config --global user.email you@example.com

After doing this, you may fix the identity used for this commit with:

    git commit --amend --reset-author

 2 files changed, 8 insertions(+), 8 deletions(-)
To https://github.com/sywoolab/sy-workspace.git
 ! [rejected]        main -> main (fetch first)
error: failed to push some refs to 'https://github.com/sywoolab/sy-workspace.git'
hint: Updates were rejected because the remote contains work that you do not
hint: have locally. This is usually caused by another repository pushing to
hint: the same ref. If you want to integrate the remote changes, use
hint: 'git pull' before pushing again.
hint: See the 'Note about fast-forwards' in 'git push --help' for details.
[WARN] git push 실패 (인터넷 없음?) — 다음 실행 시 재시도
[2026-03-21 17:06:12] 완료 (exit=0)
