[2026-03-19 12:12:39] 로컬 가민 동기화 시작
/Users/sywoo/Library/Python/3.9/lib/python/site-packages/urllib3/__init__.py:35: NotOpenSSLWarning: urllib3 v2 only supports OpenSSL 1.1.1+, currently the 'ssl' module is compiled with 'LibreSSL 2.8.3'. See: https://github.com/urllib3/urllib3/issues/3020
  warnings.warn(
[2026-03-19 12:12] 가민 동기화 시작
[ERROR] 가민 로그인 실패: HTTPSConnectionPool(host='sso.garmin.com', port=443): Max retries exceeded with url: /sso/embed?id=gauth-widget&embedWidget=true&gauthHost=https%3A%2F%2Fsso.garmin.com%2Fsso (Caused by NameResolutionError("HTTPSConnection(host='sso.garmin.com', port=443): Failed to resolve 'sso.garmin.com' ([Errno 8] nodename nor servname provided, or not known)"))
[2026-03-19 12:12:43] 완료 (exit=1)
[2026-03-19 14:00:04] 로컬 가민 동기화 시작
/Users/sywoo/Library/Python/3.9/lib/python/site-packages/urllib3/__init__.py:35: NotOpenSSLWarning: urllib3 v2 only supports OpenSSL 1.1.1+, currently the 'ssl' module is compiled with 'LibreSSL 2.8.3'. See: https://github.com/urllib3/urllib3/issues/3020
  warnings.warn(
[2026-03-19 14:00] 가민 동기화 시작
[OK] 가민 토큰 캐시로 로그인
[OK] 활동 2건 조회 (2026-03-18 ~ 2026-03-19)
  새 활동: 0건
  건강 데이터 수집 완료
  새 활동 없음 — 조용히 종료
[main 63da414] garmin sync: local auto update
 Committer: SY <sywoo@SYui-MacBookAir.local>
Your name and email address were configured automatically based
on your username and hostname. Please check that they are accurate.
You can suppress this message by setting them explicitly:

    git config --global user.name "Your Name"
    git config --global user.email you@example.com

After doing this, you may fix the identity used for this commit with:

    git commit --amend --reset-author

 1 file changed, 8 insertions(+), 8 deletions(-)
To https://github.com/sywoolab/sy-workspace.git
   2fe78ca..63da414  main -> main
[2026-03-19 14:00:18] 완료 (exit=0)
[2026-03-19 15:00:04] 로컬 가민 동기화 시작
/Users/sywoo/Library/Python/3.9/lib/python/site-packages/urllib3/__init__.py:35: NotOpenSSLWarning: urllib3 v2 only supports OpenSSL 1.1.1+, currently the 'ssl' module is compiled with 'LibreSSL 2.8.3'. See: https://github.com/urllib3/urllib3/issues/3020
  warnings.warn(
[2026-03-19 15:00] 가민 동기화 시작
[OK] 가민 토큰 캐시로 로그인
[OK] 활동 2건 조회 (2026-03-18 ~ 2026-03-19)
  새 활동: 0건
  건강 데이터 수집 완료
  새 활동 없음 — 조용히 종료
[2026-03-19 15:00:10] 완료 (exit=0)
[2026-03-19 16:00:01] 로컬 가민 동기화 시작
/Users/sywoo/Library/Python/3.9/lib/python/site-packages/urllib3/__init__.py:35: NotOpenSSLWarning: urllib3 v2 only supports OpenSSL 1.1.1+, currently the 'ssl' module is compiled with 'LibreSSL 2.8.3'. See: https://github.com/urllib3/urllib3/issues/3020
  warnings.warn(
[2026-03-19 16:00] 가민 동기화 시작
[OK] 가민 토큰 캐시로 로그인
[OK] 활동 2건 조회 (2026-03-18 ~ 2026-03-19)
  새 활동: 0건
  건강 데이터 수집 완료
  새 활동 없음 — 조용히 종료
[2026-03-19 16:00:07] 완료 (exit=0)
[2026-03-19 17:00:04] 로컬 가민 동기화 시작
/Users/sywoo/Library/Python/3.9/lib/python/site-packages/urllib3/__init__.py:35: NotOpenSSLWarning: urllib3 v2 only supports OpenSSL 1.1.1+, currently the 'ssl' module is compiled with 'LibreSSL 2.8.3'. See: https://github.com/urllib3/urllib3/issues/3020
  warnings.warn(
[2026-03-19 17:00] 가민 동기화 시작
[OK] 가민 토큰 캐시로 로그인
[OK] 활동 2건 조회 (2026-03-18 ~ 2026-03-19)
  새 활동: 0건
  건강 데이터 수집 완료
  새 활동 없음 — 조용히 종료
[main 8db2788] garmin sync: local auto update
 Committer: SY <sywoo@SYui-MacBookAir.local>
Your name and email address were configured automatically based
on your username and hostname. Please check that they are accurate.
You can suppress this message by setting them explicitly:

    git config --global user.name "Your Name"
    git config --global user.email you@example.com

After doing this, you may fix the identity used for this commit with:

    git commit --amend --reset-author

 1 file changed, 7 insertions(+), 7 deletions(-)
To https://github.com/sywoolab/sy-workspace.git
   bb0114a..8db2788  main -> main
[2026-03-19 17:00:13] 완료 (exit=0)
[2026-03-19 18:13:21] 로컬 가민 동기화 시작
/Users/sywoo/Library/Python/3.9/lib/python/site-packages/urllib3/__init__.py:35: NotOpenSSLWarning: urllib3 v2 only supports OpenSSL 1.1.1+, currently the 'ssl' module is compiled with 'LibreSSL 2.8.3'. See: https://github.com/urllib3/urllib3/issues/3020
  warnings.warn(
[2026-03-19 18:13] 가민 동기화 시작
[ERROR] 가민 로그인 실패: HTTPSConnectionPool(host='sso.garmin.com', port=443): Max retries exceeded with url: /sso/embed?id=gauth-widget&embedWidget=true&gauthHost=https%3A%2F%2Fsso.garmin.com%2Fsso (Caused by NameResolutionError("HTTPSConnection(host='sso.garmin.com', port=443): Failed to resolve 'sso.garmin.com' ([Errno 8] nodename nor servname provided, or not known)"))
[2026-03-19 18:13:25] 완료 (exit=1)
[2026-03-19 19:00:02] 로컬 가민 동기화 시작
/Users/sywoo/Library/Python/3.9/lib/python/site-packages/urllib3/__init__.py:35: NotOpenSSLWarning: urllib3 v2 only supports OpenSSL 1.1.1+, currently the 'ssl' module is compiled with 'LibreSSL 2.8.3'. See: https://github.com/urllib3/urllib3/issues/3020
  warnings.warn(
[2026-03-19 19:00] 가민 동기화 시작
[ERROR] 가민 로그인 실패: HTTPSConnectionPool(host='sso.garmin.com', port=443): Max retries exceeded with url: /sso/embed?id=gauth-widget&embedWidget=true&gauthHost=https%3A%2F%2Fsso.garmin.com%2Fsso (Caused by NameResolutionError("HTTPSConnection(host='sso.garmin.com', port=443): Failed to resolve 'sso.garmin.com' ([Errno 8] nodename nor servname provided, or not known)"))
[2026-03-19 19:00:05] 완료 (exit=1)
[2026-03-19 20:00:04] 로컬 가민 동기화 시작
/Users/sywoo/Library/Python/3.9/lib/python/site-packages/urllib3/__init__.py:35: NotOpenSSLWarning: urllib3 v2 only supports OpenSSL 1.1.1+, currently the 'ssl' module is compiled with 'LibreSSL 2.8.3'. See: https://github.com/urllib3/urllib3/issues/3020
  warnings.warn(
[2026-03-19 20:00] 가민 동기화 시작
[ERROR] 가민 로그인 실패: HTTPSConnectionPool(host='sso.garmin.com', port=443): Max retries exceeded with url: /sso/embed?id=gauth-widget&embedWidget=true&gauthHost=https%3A%2F%2Fsso.garmin.com%2Fsso (Caused by NameResolutionError("HTTPSConnection(host='sso.garmin.com', port=443): Failed to resolve 'sso.garmin.com' ([Errno 8] nodename nor servname provided, or not known)"))
[2026-03-19 20:00:07] 완료 (exit=1)
[2026-03-19 21:00:14] 로컬 가민 동기화 시작
/Users/sywoo/Library/Python/3.9/lib/python/site-packages/urllib3/__init__.py:35: NotOpenSSLWarning: urllib3 v2 only supports OpenSSL 1.1.1+, currently the 'ssl' module is compiled with 'LibreSSL 2.8.3'. See: https://github.com/urllib3/urllib3/issues/3020
  warnings.warn(
[2026-03-19 21:00] 가민 동기화 시작
[ERROR] 가민 로그인 실패: HTTPSConnectionPool(host='sso.garmin.com', port=443): Max retries exceeded with url: /sso/embed?id=gauth-widget&embedWidget=true&gauthHost=https%3A%2F%2Fsso.garmin.com%2Fsso (Caused by NameResolutionError("HTTPSConnection(host='sso.garmin.com', port=443): Failed to resolve 'sso.garmin.com' ([Errno 8] nodename nor servname provided, or not known)"))
[2026-03-19 21:00:18] 완료 (exit=1)
[2026-03-19 22:00:03] 로컬 가민 동기화 시작
/Users/sywoo/Library/Python/3.9/lib/python/site-packages/urllib3/__init__.py:35: NotOpenSSLWarning: urllib3 v2 only supports OpenSSL 1.1.1+, currently the 'ssl' module is compiled with 'LibreSSL 2.8.3'. See: https://github.com/urllib3/urllib3/issues/3020
  warnings.warn(
[2026-03-19 22:00] 가민 동기화 시작
[ERROR] 가민 로그인 실패: HTTPSConnectionPool(host='sso.garmin.com', port=443): Max retries exceeded with url: /sso/embed?id=gauth-widget&embedWidget=true&gauthHost=https%3A%2F%2Fsso.garmin.com%2Fsso (Caused by NameResolutionError("HTTPSConnection(host='sso.garmin.com', port=443): Failed to resolve 'sso.garmin.com' ([Errno 8] nodename nor servname provided, or not known)"))
[2026-03-19 22:00:06] 완료 (exit=1)
[2026-03-19 23:08:20] 로컬 가민 동기화 시작
/Users/sywoo/Library/Python/3.9/lib/python/site-packages/urllib3/__init__.py:35: NotOpenSSLWarning: urllib3 v2 only supports OpenSSL 1.1.1+, currently the 'ssl' module is compiled with 'LibreSSL 2.8.3'. See: https://github.com/urllib3/urllib3/issues/3020
  warnings.warn(
[2026-03-19 23:08] 가민 동기화 시작
[ERROR] 가민 로그인 실패: HTTPSConnectionPool(host='sso.garmin.com', port=443): Max retries exceeded with url: /sso/embed?id=gauth-widget&embedWidget=true&gauthHost=https%3A%2F%2Fsso.garmin.com%2Fsso (Caused by NameResolutionError("HTTPSConnection(host='sso.garmin.com', port=443): Failed to resolve 'sso.garmin.com' ([Errno 8] nodename nor servname provided, or not known)"))
[2026-03-19 23:08:24] 완료 (exit=1)
